{
  "RSpec": {
    "coverage": {
      "C:/Users/Neeraj Singh/Desktop/tour/tour_mvc1-main/app/controllers/admin_controller.rb": {
        "lines": [
          1,
          null,
          1,
          null,
          null,
          1,
          2,
          2,
          1,
          1,
          null,
          1,
          1,
          null,
          null,
          null,
          1,
          1,
          1,
          null,
          null
        ]
      },
      "C:/Users/Neeraj Singh/Desktop/tour/tour_mvc1-main/app/controllers/application_controller.rb": {
        "lines": [
          1,
          1,
          null,
          1,
          26,
          9,
          null,
          null,
          null
        ]
      },
      "C:/Users/Neeraj Singh/Desktop/tour/tour_mvc1-main/spec/controllers/login_controller_spec.rb": {
        "lines": [
          1,
          null,
          1,
          null,
          1,
          1,
          1,
          1,
          null,
          null,
          null,
          1,
          1,
          1,
          1,
          null,
          null,
          1,
          1,
          1,
          null,
          null,
          null,
          null,
          1,
          1,
          1,
          1,
          null,
          null,
          null
        ]
      },
      "C:/Users/Neeraj Singh/Desktop/tour/tour_mvc1-main/app/controllers/login_controller.rb": {
        "lines": [
          1,
          null,
          1,
          null,
          null,
          1,
          2,
          2,
          1,
          1,
          null,
          1,
          1,
          null,
          null,
          null,
          1,
          1,
          1,
          null,
          null
        ]
      },
      "C:/Users/Neeraj Singh/Desktop/tour/tour_mvc1-main/spec/controllers/registrations_controller_spec.rb": {
        "lines": [
          1,
          null,
          1,
          1,
          1,
          1,
          1,
          null,
          null,
          null,
          1,
          1,
          1,
          1,
          1,
          null,
          null,
          1,
          1,
          1,
          1,
          null,
          null,
          null,
          null,
          null
        ]
      },
      "C:/Users/Neeraj Singh/Desktop/tour/tour_mvc1-main/app/controllers/registrations_controller.rb": {
        "lines": [
          1,
          1,
          1,
          null,
          null,
          1,
          2,
          2,
          1,
          1,
          1,
          null,
          1,
          1,
          null,
          null,
          null,
          1,
          1,
          2,
          null,
          null
        ]
      },
      "C:/Users/Neeraj Singh/Desktop/tour/tour_mvc1-main/spec/controllers/tickets_controller_spec.rb": {
        "lines": [
          1,
          null,
          1,
          null,
          null,
          1,
          1,
          null,
          1,
          1,
          1,
          null,
          null,
          1,
          1,
          null,
          1,
          null,
          null,
          null,
          1,
          null,
          null,
          1,
          1,
          1,
          null,
          null,
          1,
          1,
          1,
          null,
          1,
          1,
          null,
          null,
          1,
          1,
          1,
          null,
          null,
          null,
          null,
          null
        ]
      },
      "C:/Users/Neeraj Singh/Desktop/tour/tour_mvc1-main/app/controllers/tickets_controller.rb": {
        "lines": [
          1,
          1,
          null,
          1,
          3,
          2,
          1,
          null,
          1,
          null,
          null,
          1,
          null,
          null,
          null,
          1,
          2,
          null,
          null,
          1,
          1,
          null,
          null
        ]
      },
      "C:/Users/Neeraj Singh/Desktop/tour/tour_mvc1-main/spec/controllers/tours_controller_spec.rb": {
        "lines": [
          1,
          null,
          1,
          null,
          1,
          1,
          1,
          1,
          1,
          1,
          null,
          null,
          1,
          1,
          1,
          null,
          null,
          1,
          1,
          1,
          1,
          null,
          null,
          1,
          1,
          1,
          null,
          null,
          null,
          1,
          1,
          1,
          1,
          1,
          null,
          null,
          null,
          1,
          1,
          1,
          1,
          1,
          null,
          null,
          1,
          1,
          1,
          1,
          null,
          null,
          null,
          1,
          1,
          1,
          1,
          1,
          null,
          null,
          1,
          1,
          1,
          1,
          null,
          null,
          1,
          1,
          1,
          1,
          null,
          null,
          null
        ]
      },
      "C:/Users/Neeraj Singh/Desktop/tour/tour_mvc1-main/app/controllers/tours_controller.rb": {
        "lines": [
          1,
          1,
          null,
          1,
          3,
          2,
          1,
          null,
          1,
          null,
          null,
          1,
          null,
          null,
          null,
          1,
          2,
          2,
          null,
          2,
          null,
          null,
          1,
          null,
          1,
          1,
          null,
          null,
          1,
          2,
          2,
          2,
          1,
          1,
          null,
          1,
          1,
          1,
          null,
          1,
          1,
          1,
          1,
          1,
          null,
          null,
          null,
          1,
          3,
          3,
          null,
          3,
          1,
          1,
          null,
          2,
          2,
          2,
          null,
          2,
          1,
          null,
          1,
          1,
          1,
          null,
          1,
          1,
          1,
          null,
          1,
          null,
          1,
          null,
          1,
          1,
          1,
          1,
          1,
          null,
          2,
          2,
          2,
          2,
          null,
          null,
          null
        ]
      },
      "C:/Users/Neeraj Singh/Desktop/tour/tour_mvc1-main/spec/models/companion_spec.rb": {
        "lines": [
          1,
          null,
          1,
          1,
          1,
          1,
          null,
          null
        ]
      },
      "C:/Users/Neeraj Singh/Desktop/tour/tour_mvc1-main/app/models/companion.rb": {
        "lines": [
          1,
          1,
          1,
          null
        ]
      },
      "C:/Users/Neeraj Singh/Desktop/tour/tour_mvc1-main/app/models/application_record.rb": {
        "lines": [
          1,
          1,
          null
        ]
      },
      "C:/Users/Neeraj Singh/Desktop/tour/tour_mvc1-main/spec/models/ticket_spec.rb": {
        "lines": [
          1,
          null,
          1,
          1,
          1,
          null,
          null,
          1,
          1,
          null,
          null
        ]
      },
      "C:/Users/Neeraj Singh/Desktop/tour/tour_mvc1-main/app/models/ticket.rb": {
        "lines": [
          1,
          1,
          1,
          null
        ]
      },
      "C:/Users/Neeraj Singh/Desktop/tour/tour_mvc1-main/spec/models/tour_spec.rb": {
        "lines": [
          1,
          null,
          1,
          1,
          1,
          1,
          null,
          null
        ]
      },
      "C:/Users/Neeraj Singh/Desktop/tour/tour_mvc1-main/app/models/tour.rb": {
        "lines": [
          1,
          1,
          null
        ]
      },
      "C:/Users/Neeraj Singh/Desktop/tour/tour_mvc1-main/spec/models/user_spec.rb": {
        "lines": [
          1,
          null,
          1,
          6,
          null,
          null,
          null,
          null,
          6,
          null,
          1,
          1,
          null,
          null,
          1,
          1,
          null,
          null,
          1,
          1,
          1,
          null,
          null,
          1,
          1,
          1,
          null,
          null,
          1,
          1,
          1,
          null,
          null,
          null
        ]
      },
      "C:/Users/Neeraj Singh/Desktop/tour/tour_mvc1-main/app/models/user.rb": {
        "lines": [
          1,
          1,
          1,
          1,
          1,
          1,
          null
        ]
      },
      "C:/Users/Neeraj Singh/Desktop/tour/tour_mvc1-main/app/models/current.rb": {
        "lines": [
          1,
          1,
          null
        ]
      }
    },
    "timestamp": 1644231308
  }
}
