{
  "RSpec": {
    "coverage": {
      "C:/Users/Neeraj Singh/Desktop/tour/tour_mvc1-main/app/controllers/tickets_controller.rb": {
        "lines": [
          1,
          1,
          null,
          1,
          3,
          2,
          1,
          null,
          1,
          null,
          null,
          1,
          null,
          null,
          null,
          1,
          2,
          null,
          null,
          1,
          1,
          null,
          null
        ]
      },
      "C:/Users/Neeraj Singh/Desktop/tour/tour_mvc1-main/app/controllers/application_controller.rb": {
        "lines": [
          1,
          1,
          null,
          1,
          5,
          2,
          null,
          null,
          null
        ]
      },
      "C:/Users/Neeraj Singh/Desktop/tour/tour_mvc1-main/app/models/ticket.rb": {
        "lines": [
          1,
          1,
          1,
          null
        ]
      },
      "C:/Users/Neeraj Singh/Desktop/tour/tour_mvc1-main/app/models/application_record.rb": {
        "lines": [
          1,
          1,
          null
        ]
      },
      "C:/Users/Neeraj Singh/Desktop/tour/tour_mvc1-main/app/models/current.rb": {
        "lines": [
          1,
          1,
          null
        ]
      },
      "C:/Users/Neeraj Singh/Desktop/tour/tour_mvc1-main/app/models/user.rb": {
        "lines": [
          1,
          1,
          1,
          1,
          1,
          1,
          null
        ]
      }
    },
    "timestamp": 1644219770
  }
}
